<?xml version="1.0" encoding="UTF-8"?>
<testsuites name="TestSuite1" time="15" tests="1" failures="0" errors="0">
   <testsuite name="TestSuite1" tests="1" failures="0" errors="0" time="15" timestamp="2021-01-25 18:47:44" hostname="AZURE$ - host.docker.internal" id="Test Suites/TestSuite1">
      <properties>
         <property name="deviceName" value=""/>
         <property name="devicePlatform" value=""/>
         <property name="logFolder" value="C:\\Users\\ACER\\git\\KatalonGitTest\\Reports\\TestSuite1\\20210125_184740"/>
         <property name="logFiles" value="C:\\Users\\ACER\\git\\KatalonGitTest\\Reports\\TestSuite1\\20210125_184740\\execution0.log"/>
         <property name="attachments" value=""/>
         <property name="hostName" value="AZURE$ - host.docker.internal"/>
         <property name="os" value="Windows 10 64bit"/>
         <property name="katalonVersion" value="5.10.1.1"/>
         <property name="browser" value="Chrome 87.0.4280.141"/>
         <property name="hostAddress" value="192.168.100.4"/>
         <property name="sessionId" value="a3ab885dc525ae6940116d3019d2f2ce"/>
         <property name="seleniumVersion" value="3.7.1"/>
         <property name="proxyInformation" value="ProxyInformation{proxyOption=NO_PROXY, proxyServerType=HTTP, password=, proxyServerAddress=, proxyServerPort=0}"/>
         <property name="platform" value="Windows 10"/>
      </properties>
      <testcase name="Test Cases/Test 1" classname="Test Cases/Test 1" status="PASSED">
         <system-out><![CDATA[2021-01-25 18:47:44 - [TEST_CASE][PASSED] - Test Cases/Test 1: Test Cases/Test 1

2021-01-25 18:47:44 - [TEST_STEP][PASSED] - openBrowser(""): Browser is opened with url: ''

2021-01-25 18:47:45 - [MESSAGE][INFO] - Starting 'Chrome' driver

2021-01-25 18:47:45 - [MESSAGE][INFO] - Action delay is set to 0 seconds

2021-01-25 18:47:52 - [MESSAGE][PASSED] - Browser is opened with url: ''

2021-01-25 18:47:52 - [TEST_STEP][PASSED] - navigateToUrl("lifecharger.org"): Navigate to 'http://lifecharger.org' successfully

2021-01-25 18:47:58 - [MESSAGE][PASSED] - Navigate to 'http://lifecharger.org' successfully

2021-01-25 18:47:58 - [TEST_STEP][PASSED] - closeBrowser(): Browser is closed

2021-01-25 18:47:59 - [MESSAGE][PASSED] - Browser is closed]]></system-out>
         <system-err><![CDATA[]]></system-err>
      </testcase>
      <system-out><![CDATA[2021-01-25 18:47:44 - [TEST_SUITE][PASSED] - TestSuite1: Test Cases/Test 1]]></system-out>
      <system-err><![CDATA[]]></system-err>
   </testsuite>
</testsuites>
