<?xml version="1.0" encoding="UTF-8"?>
<testsuites name="TestSuite1" time="32" tests="2" failures="0" errors="0">
   <testsuite name="TestSuite1" tests="2" failures="0" errors="0" time="32" timestamp="2021-01-26 16:29:09" hostname="AZURE$ - Azure" id="Test Suites/TestSuite1">
      <properties>
         <property name="deviceName" value=""/>
         <property name="devicePlatform" value=""/>
         <property name="logFolder" value="C:\\Users\\ACER\\git\\KatalonGitTest\\Reports\\TestSuite1\\20210126_162907"/>
         <property name="logFiles" value="C:\\Users\\ACER\\git\\KatalonGitTest\\Reports\\TestSuite1\\20210126_162907\\execution0.log"/>
         <property name="attachments" value=""/>
         <property name="hostName" value="AZURE$ - Azure"/>
         <property name="os" value="Windows 10 64bit"/>
         <property name="katalonVersion" value="5.10.1.1"/>
         <property name="browser" value="Chrome 87.0.4280.141"/>
         <property name="hostAddress" value="192.168.50.143"/>
         <property name="sessionId" value="7bcec9dd09e08153db8c6fd150d17e4c"/>
         <property name="seleniumVersion" value="3.7.1"/>
         <property name="proxyInformation" value="ProxyInformation{proxyOption=NO_PROXY, proxyServerType=HTTP, password=, proxyServerAddress=, proxyServerPort=0}"/>
         <property name="platform" value="Windows 10"/>
      </properties>
      <testcase name="Test Cases/Test 1" classname="Test Cases/Test 1" status="PASSED">
         <system-out><![CDATA[2021-01-26 16:29:09 - [TEST_CASE][PASSED] - Test Cases/Test 1: Test Cases/Test 1

2021-01-26 16:29:10 - [TEST_STEP][PASSED] - openBrowser(""): Browser is opened with url: ''

2021-01-26 16:29:10 - [MESSAGE][INFO] - Starting 'Chrome' driver

2021-01-26 16:29:10 - [MESSAGE][INFO] - Action delay is set to 0 seconds

2021-01-26 16:29:16 - [MESSAGE][PASSED] - Browser is opened with url: ''

2021-01-26 16:29:16 - [TEST_STEP][PASSED] - navigateToUrl("https://the-internet.herokuapp.com/"): Navigate to 'https://the-internet.herokuapp.com/' successfully

2021-01-26 16:29:28 - [MESSAGE][PASSED] - Navigate to 'https://the-internet.herokuapp.com/' successfully

2021-01-26 16:29:28 - [TEST_STEP][PASSED] - waitForElementPresent(findTestObject("Object Repository/the-internet/a-b testing page/a_AB Testing"), 5): Object 'Object Repository/the-internet/a-b testing page/a_AB Testing' is present

2021-01-26 16:29:28 - [MESSAGE][PASSED] - Object 'Object Repository/the-internet/a-b testing page/a_AB Testing' is present

2021-01-26 16:29:28 - [TEST_STEP][PASSED] - click(findTestObject("Object Repository/the-internet/a-b testing page/a_AB Testing")): Object: 'Object Repository/the-internet/a-b testing page/a_AB Testing' is clicked on

2021-01-26 16:29:29 - [MESSAGE][PASSED] - Object: 'Object Repository/the-internet/a-b testing page/a_AB Testing' is clicked on

2021-01-26 16:29:29 - [TEST_STEP][PASSED] - closeBrowser(): Browser is closed

2021-01-26 16:29:30 - [MESSAGE][PASSED] - Browser is closed]]></system-out>
         <system-err><![CDATA[]]></system-err>
      </testcase>
      <testcase name="Test Cases/Test 2" classname="Test Cases/Test 2" status="PASSED">
         <system-out><![CDATA[2021-01-26 16:29:30 - [TEST_CASE][PASSED] - Test Cases/Test 2: Test Cases/Test 2

2021-01-26 16:29:30 - [TEST_STEP][PASSED] - openBrowser(""): Browser is opened with url: ''

2021-01-26 16:29:30 - [MESSAGE][INFO] - Starting 'Chrome' driver

2021-01-26 16:29:33 - [MESSAGE][PASSED] - Browser is opened with url: ''

2021-01-26 16:29:33 - [TEST_STEP][PASSED] - navigateToUrl("https://the-internet.herokuapp.com/"): Navigate to 'https://the-internet.herokuapp.com/' successfully

2021-01-26 16:29:40 - [MESSAGE][PASSED] - Navigate to 'https://the-internet.herokuapp.com/' successfully

2021-01-26 16:29:40 - [TEST_STEP][PASSED] - waitForElementPresent(findTestObject("Object Repository/the-internet/add-remove elements/a_AddRemove Elements"), 5): Object 'Object Repository/the-internet/add-remove elements/a_AddRemove Elements' is present

2021-01-26 16:29:40 - [MESSAGE][PASSED] - Object 'Object Repository/the-internet/add-remove elements/a_AddRemove Elements' is present

2021-01-26 16:29:40 - [TEST_STEP][PASSED] - click(findTestObject("Object Repository/the-internet/add-remove elements/a_AddRemove Elements")): Object: 'Object Repository/the-internet/add-remove elements/a_AddRemove Elements' is clicked on

2021-01-26 16:29:41 - [MESSAGE][PASSED] - Object: 'Object Repository/the-internet/add-remove elements/a_AddRemove Elements' is clicked on

2021-01-26 16:29:41 - [TEST_STEP][PASSED] - click(findTestObject("Object Repository/the-internet/add-remove elements/button_Add Element")): Object: 'Object Repository/the-internet/add-remove elements/button_Add Element' is clicked on

2021-01-26 16:29:41 - [MESSAGE][PASSED] - Object: 'Object Repository/the-internet/add-remove elements/button_Add Element' is clicked on

2021-01-26 16:29:41 - [TEST_STEP][PASSED] - verifyElementPresent(findTestObject("Object Repository/the-internet/add-remove elements/button_Delete"), 0): Object 'Object Repository/the-internet/add-remove elements/button_Delete' is present

2021-01-26 16:29:41 - [MESSAGE][WARNING] - Timeout '0' is invalid. Using default page load timeout: '30'

2021-01-26 16:29:41 - [MESSAGE][PASSED] - Object 'Object Repository/the-internet/add-remove elements/button_Delete' is present

2021-01-26 16:29:41 - [TEST_STEP][PASSED] - click(findTestObject("Object Repository/the-internet/add-remove elements/button_Delete")): Object: 'Object Repository/the-internet/add-remove elements/button_Delete' is clicked on

2021-01-26 16:29:41 - [MESSAGE][PASSED] - Object: 'Object Repository/the-internet/add-remove elements/button_Delete' is clicked on

2021-01-26 16:29:41 - [TEST_STEP][PASSED] - closeBrowser(): Browser is closed

2021-01-26 16:29:42 - [MESSAGE][PASSED] - Browser is closed]]></system-out>
         <system-err><![CDATA[]]></system-err>
      </testcase>
      <system-out><![CDATA[2021-01-26 16:29:09 - [TEST_SUITE][PASSED] - TestSuite1: Test Cases/Test 2]]></system-out>
      <system-err><![CDATA[]]></system-err>
   </testsuite>
</testsuites>
